<?xml version="1.0" encoding="UTF-8"?>
<!-- Generated by org.testng.reporters.JUnitXMLReporter -->
<testsuite ignored="0" hostname="wsa-057-23" failures="1" tests="1" name="SteamTest" time="7.97" errors="0" timestamp="2022-06-20T17:02:05 MSK">
  <testcase classname="framework.BaseTest" name="xTest" time="6.394">
    <failure type="org.openqa.selenium.InvalidSelectorException" message="invalid selector: Unable to locate an element with the xpath expression [[ChromeDriver: chrome on WINDOWS (d64d0186b62bebb1cd52f2b5755d8a6d)] -&amp;gt; xpath: //div[@class=&amp;apos;schema-product__title&amp;apos;]//span[@data-bind=&amp;apos;html: product.extended_name || product.full_name&amp;apos;]] because of the following error:
SyntaxError: Failed to execute &amp;apos;evaluate&amp;apos; on &amp;apos;Document&amp;apos;: The string &amp;apos;[[ChromeDriver: chrome on WINDOWS (d64d0186b62bebb1cd52f2b5755d8a6d)] -&amp;gt; xpath: //div[@class=&amp;apos;schema-product__title&amp;apos;]//span[@data-bind=&amp;apos;html: product.extended_name || product.full_name&amp;apos;]]&amp;apos; is not a valid XPath expression.
  (Session info: chrome=102.0.5005.115)
For documentation on this error, please visit: https://selenium.dev/exceptions/#invalid_selector_exception
Build info: version: &amp;apos;4.2.1&amp;apos;, revision: &amp;apos;ac4d0fdd4a&amp;apos;
System info: host: &amp;apos;WSA-057-23&amp;apos;, ip: &amp;apos;192.168.170.57&amp;apos;, os.name: &amp;apos;Windows 10&amp;apos;, os.arch: &amp;apos;amd64&amp;apos;, os.version: &amp;apos;10.0&amp;apos;, java.version: &amp;apos;17.0.1&amp;apos;
Driver info: org.openqa.selenium.chrome.ChromeDriver
Command: [d64d0186b62bebb1cd52f2b5755d8a6d, findElements {using=xpath, value=[[ChromeDriver: chrome on WINDOWS (d64d0186b62bebb1cd52f2b5755d8a6d)] -&amp;gt; xpath: //div[@class=&amp;apos;schema-product__title&amp;apos;]//span[@data-bind=&amp;apos;html: product.extended_name || product.full_name&amp;apos;]]}]
Capabilities {acceptInsecureCerts: false, browserName: chrome, browserVersion: 102.0.5005.115, chrome: {chromedriverVersion: 102.0.5005.61 (0e59bcc00cc4..., userDataDir: C:\Users\ILYA~1.SHA\AppData...}, goog:chromeOptions: {debuggerAddress: localhost:51419}, networkConnectionEnabled: false, pageLoadStrategy: normal, platformName: WINDOWS, proxy: Proxy(), se:cdp: ws://localhost:51419/devtoo..., se:cdpVersion: 102.0.5005.115, setWindowRect: true, strictFileInteractability: false, timeouts: {implicit: 0, pageLoad: 300000, script: 30000}, unhandledPromptBehavior: dismiss and notify, webauthn:extension:credBlob: true, webauthn:extension:largeBlob: true, webauthn:virtualAuthenticators: true}
Session ID: d64d0186b62bebb1cd52f2b5755d8a6d">
      <![CDATA[org.openqa.selenium.InvalidSelectorException: invalid selector: Unable to locate an element with the xpath expression [[ChromeDriver: chrome on WINDOWS (d64d0186b62bebb1cd52f2b5755d8a6d)] -> xpath: //div[@class='schema-product__title']//span[@data-bind='html: product.extended_name || product.full_name']] because of the following error:
SyntaxError: Failed to execute 'evaluate' on 'Document': The string '[[ChromeDriver: chrome on WINDOWS (d64d0186b62bebb1cd52f2b5755d8a6d)] -> xpath: //div[@class='schema-product__title']//span[@data-bind='html: product.extended_name || product.full_name']]' is not a valid XPath expression.
  (Session info: chrome=102.0.5005.115)
For documentation on this error, please visit: https://selenium.dev/exceptions/#invalid_selector_exception
Build info: version: '4.2.1', revision: 'ac4d0fdd4a'
System info: host: 'WSA-057-23', ip: '192.168.170.57', os.name: 'Windows 10', os.arch: 'amd64', os.version: '10.0', java.version: '17.0.1'
Driver info: org.openqa.selenium.chrome.ChromeDriver
Command: [d64d0186b62bebb1cd52f2b5755d8a6d, findElements {using=xpath, value=[[ChromeDriver: chrome on WINDOWS (d64d0186b62bebb1cd52f2b5755d8a6d)] -> xpath: //div[@class='schema-product__title']//span[@data-bind='html: product.extended_name || product.full_name']]}]
Capabilities {acceptInsecureCerts: false, browserName: chrome, browserVersion: 102.0.5005.115, chrome: {chromedriverVersion: 102.0.5005.61 (0e59bcc00cc4..., userDataDir: C:\Users\ILYA~1.SHA\AppData...}, goog:chromeOptions: {debuggerAddress: localhost:51419}, networkConnectionEnabled: false, pageLoadStrategy: normal, platformName: WINDOWS, proxy: Proxy(), se:cdp: ws://localhost:51419/devtoo..., se:cdpVersion: 102.0.5005.115, setWindowRect: true, strictFileInteractability: false, timeouts: {implicit: 0, pageLoad: 300000, script: 30000}, unhandledPromptBehavior: dismiss and notify, webauthn:extension:credBlob: true, webauthn:extension:largeBlob: true, webauthn:virtualAuthenticators: true}
Session ID: d64d0186b62bebb1cd52f2b5755d8a6d
at org.openqa.selenium.remote.codec.w3c.W3CHttpResponseCodec.createException(W3CHttpResponseCodec.java:200)
at org.openqa.selenium.remote.codec.w3c.W3CHttpResponseCodec.decode(W3CHttpResponseCodec.java:133)
at org.openqa.selenium.remote.codec.w3c.W3CHttpResponseCodec.decode(W3CHttpResponseCodec.java:53)
at org.openqa.selenium.remote.HttpCommandExecutor.execute(HttpCommandExecutor.java:184)
at org.openqa.selenium.remote.service.DriverCommandExecutor.invokeExecute(DriverCommandExecutor.java:167)
at org.openqa.selenium.remote.service.DriverCommandExecutor.execute(DriverCommandExecutor.java:142)
at org.openqa.selenium.remote.RemoteWebDriver.execute(RemoteWebDriver.java:551)
at org.openqa.selenium.remote.ElementLocation$ElementFinder$2.findElements(ElementLocation.java:179)
at org.openqa.selenium.remote.ElementLocation.findElements(ElementLocation.java:102)
at org.openqa.selenium.remote.RemoteWebDriver.findElements(RemoteWebDriver.java:384)
at org.openqa.selenium.remote.RemoteWebDriver.findElements(RemoteWebDriver.java:376)
at framework.BaseForm.findElements(BaseForm.java:47)
at onliner.tests.forms.TVPage.checkProductsName(TVPage.java:47)
at onliner.tests.forms.TVPage.checkFilterResults(TVPage.java:59)
at onliner.tests.forExperiments.runTest(forExperiments.java:23)
at framework.BaseTest.xTest(BaseTest.java:22)
at java.base/java.util.ArrayList.forEach(ArrayList.java:1511)
... Removed 36 stack frames]]>
    </failure>
  </testcase> <!-- xTest -->
</testsuite> <!-- SteamTest -->
